
ROM used:   938/8192 (11%)
            938/8192 (11%) including unused fragments

            0.3 Average locations per line
            2.0 Average locations per statement

RAM used:   18/368 (5%) at main() level
            44/368 (12%) worst case

Stack used: 0 worst case (0 in main + 0 for interrupts)
Stack size: 8

Lines Stmts  %   Files
----- ----- ---  -----
   99    15   3  PuertoSerial.c
  786     0   0  ..\..\..\..\Program Files (x86)\PICC\Devices\16f887.h
 1352   359  78  ..\..\..\..\Program Files (x86)\PICC\Drivers\stdlib.h
   32     0   0  ..\..\..\..\Program Files (x86)\PICC\Drivers\stddef.h
  435     0   0  ..\..\..\..\Program Files (x86)\PICC\Drivers\string.h
   28     0   0  ..\..\..\..\Program Files (x86)\PICC\Drivers\ctype.h
   37     0   0  ..\..\..\..\Program Files (x86)\PICC\Drivers\stdio.h
  456    84  18  ..\..\..\..\Program Files (x86)\PICC\Drivers\lcd.c
----- -----
 3225   458 Total

Page ROM  %  RAM    Vol Diff  Functions:
---- --- --- ---    --- ----  ----------
 Inline        13    196  6.1  @MULFF
 Inline         2             @ITOF
0     20   2    1     39  2.1  @delay_ms1
 Inline         3    596  5.9  lcd_read_byte
0      6   1    0     59  4.2  lcd_read_nibble
0     15   2    1    179  3.3  lcd_send_nibble
0     66   7    3    460  4.7  lcd_send_byte
0     62   7    6    814  7.2  lcd_init
0     18   2    4    208  6.3  lcd_gotoxy
0     44   5    1    354  4.7  lcd_putc
0     55   6    1     65  1.9  obtenerTemperatura
0    134  14    0    240  2.6  MAIN
0      7   1    0             @const969
0     87   9    5      3  0.0  @PSTRINGCN7_949
 Inline         5    233  2.2  @FTOSD
0     79   8   13             @DIV3232
0    341  36   13             @PRINTF_L32D_949FPFPF
 Inline         0             @cinit1

Program metrics:
    Functions               13
    Statements              458
    Comments                841
    Volume (V)              5631
    Difficulty (D)          50.8
    Effort to implement (E) 286040
    Time to implement (T)   4 hours, 25 minutes
    Est Delivered Bugs (B)  1
    Cyclomatic Complexity   8
    Maintainability (MI)    76

 Segment     Used  Free
-----------  ----  ----
00000-00003     4  0  
00004-007FF   934  1110  
00800-00FFF     0  2048  
01000-017FF     0  2048  
01800-01FFF     0  2048  



